5/1/2018 2:13:47 PM | Debut Mise en ligne complete (Site):
5/1/2018 2:13:55 PM | Listing terminé :
5/1/2018 2:13:55 PM | 

5/1/2018 2:13:55 PM | * Files/Fonts-- -- --Folder create
5/1/2018 2:13:55 PM | * Files/Other-- -- --Folder create
5/1/2018 2:13:55 PM | * WEFiles-- -- --Folder create
5/1/2018 2:13:55 PM | * WEFiles/Xml-- -- --Folder create
5/1/2018 2:13:55 PM | * WEFiles/Server-- -- --Folder create
5/1/2018 2:13:55 PM | * WEFiles/Server/language-- -- --Folder create
5/1/2018 2:13:55 PM | * WEFiles/Server/DB-- -- --Folder create
5/1/2018 2:13:55 PM | * WEFiles/Server/DB/DBTools-- -- --Folder create
5/1/2018 2:13:55 PM | * WEFiles/Server/class-- -- --Folder create
5/1/2018 2:13:55 PM | * WEFiles/Other-- -- --Folder create
5/1/2018 2:13:55 PM | * WEFiles/Image-- -- --Folder create
5/1/2018 2:13:55 PM | * WEFiles/Font-- -- --Folder create
5/1/2018 2:13:55 PM | * WEFiles/EG-- -- --Folder create
5/1/2018 2:13:55 PM | * WEFiles/Css-- -- --Folder create
5/1/2018 2:13:55 PM | * WEFiles/Css/v02-- -- --Folder create
5/1/2018 2:13:55 PM | * WEFiles/Css/v01-- -- --Folder create
5/1/2018 2:13:55 PM | * WEFiles/Client-- -- --Folder create
5/1/2018 2:13:55 PM | * WEFiles/Client/jQuery-- -- --Folder create
5/1/2018 2:13:55 PM | * WEFiles/Client/jQuery/Plugins-- -- --Folder create
5/1/2018 2:13:55 PM | * WEFiles/Client/Common-- -- --Folder create
5/1/2018 2:13:55 PM | * Templates-- -- --Folder create
5/1/2018 2:13:55 PM | * Files-- -- --Folder create
5/1/2018 2:13:55 PM | * Files/Video-- -- --Folder create
5/1/2018 2:13:55 PM | * Files/Other-- -- --Folder create
5/1/2018 2:13:55 PM | * Files/Media-- -- --Folder create
5/1/2018 2:13:55 PM | * Files/Image-- -- --Folder create
5/1/2018 2:13:55 PM | * Files/Fonts-- -- --Folder create
5/1/2018 2:13:55 PM | * Files/Flash-- -- --Folder create
5/1/2018 2:13:55 PM | * Files/Audio-- -- --Folder create
5/1/2018 2:13:55 PM | * Data-- -- --Folder create
5/1/2018 2:13:55 PM | * Backup-- -- --Folder create
5/1/2018 2:13:55 PM | * Common-- -- --Folder create
5/1/2018 2:13:55 PM | * WEFiles/Image/Skin-- -- --Folder create
5/1/2018 2:13:55 PM | * WEFiles/Image/WEImage-- -- --Folder create
5/1/2018 2:13:55 PM | * Files\Other-- -- --Folder create
5/1/2018 2:13:55 PM | * Files\Fonts-- -- --Folder create
5/1/2018 2:13:55 PM | * Backup/.htaccess-- -- --33
5/1/2018 2:13:55 PM | * Data/.htaccess-- -- --13
5/1/2018 2:13:55 PM | * WEFiles/Client/Common/oe.min.js-- -- --16317
5/1/2018 2:13:55 PM | * WEFiles/Client/jQuery/Plugins/jquery.form.js-- -- --11659
5/1/2018 2:13:55 PM | * WEFiles/Client/jQuery/Plugins/jquery.ui.core.js-- -- --19590
5/1/2018 2:13:55 PM | * WEFiles/Client/jQuery/Plugins/jquery.ui.effects.js-- -- --25199
5/1/2018 2:13:55 PM | * WEFiles/Client/jQuery/1.10.2.js-- -- --93107
5/1/2018 2:13:55 PM | * WEFiles/Client/jQuery/migrate.js-- -- --7202
5/1/2018 2:13:55 PM | * WEFiles/Client/OEDB.js-- -- --1856
5/1/2018 2:13:55 PM | * WEFiles/Client/OEDBClasses.js-- -- --2280
5/1/2018 2:13:55 PM | * WEFiles/Client/opentip-jquery.min.js-- -- --44974
5/1/2018 2:13:55 PM | * WEFiles/Css/v01/openElement.css-- -- --5851
5/1/2018 2:13:55 PM | * WEFiles/Css/v02/openElement.css-- -- --6102
5/1/2018 2:13:55 PM | * WEFiles/Css/v02/openElement.int.css-- -- --6177
5/1/2018 2:13:55 PM | * WEFiles/Css/ie7.css-- -- --833
5/1/2018 2:13:55 PM | * WEFiles/Css/opentip.css-- -- --9211
5/1/2018 2:13:55 PM | * WEFiles/Image/Code.png-- -- --831
5/1/2018 2:13:55 PM | * WEFiles/Image/delete.png-- -- --1465
5/1/2018 2:13:55 PM | * WEFiles/Image/empty.png-- -- --184
5/1/2018 2:13:55 PM | * WEFiles/Image/information2.png-- -- --3246
5/1/2018 2:13:55 PM | * WEFiles/Image/loading.gif-- -- --1924
5/1/2018 2:13:55 PM | * WEFiles/Image/Loading2.gif-- -- --4941
5/1/2018 2:13:55 PM | * WEFiles/Image/mask.png-- -- --213
5/1/2018 2:13:55 PM | * WEFiles/Image/ModalBackgound.png-- -- --27145
5/1/2018 2:13:55 PM | * WEFiles/Image/ModalPopupBlock.png-- -- --268
5/1/2018 2:13:55 PM | * WEFiles/Image/ServerError.png-- -- --2602
5/1/2018 2:13:55 PM | * WEFiles/Image/warning.png-- -- --816
5/1/2018 2:13:55 PM | * WEFiles/Image/WEW3C.png-- -- --1882
5/1/2018 2:13:55 PM | * WEFiles/Server/class/class-phpmailer.php-- -- --65668
5/1/2018 2:13:55 PM | * WEFiles/Server/class/class-smtp.php-- -- --32456
5/1/2018 2:13:55 PM | * WEFiles/Server/DB/DBTools/OEDataContainers.php-- -- --57685
5/1/2018 2:13:55 PM | * WEFiles/Server/DB/DBTools/OEDBRequest.php-- -- --36412
5/1/2018 2:13:55 PM | * WEFiles/Server/DB/DBTools/OEDynUtils.php-- -- --15107
5/1/2018 2:13:55 PM | * WEFiles/Server/DB/.htaccess-- -- --13
5/1/2018 2:13:55 PM | * WEFiles/Server/DB/OEDB.php-- -- --28741
5/1/2018 2:13:55 PM | * WEFiles/Server/DB/OEDBClasses.php-- -- --84483
5/1/2018 2:13:55 PM | * WEFiles/Server/DB/sqllogin.php-- -- --1479
5/1/2018 2:13:55 PM | * WEFiles/Server/language/phpmailer.lang-en.php-- -- --1188
5/1/2018 2:13:55 PM | * WEFiles/Server/language/phpmailer.lang-fr.php-- -- --1297
5/1/2018 2:13:55 PM | * WEFiles/Server/openElement.php-- -- --13870
5/1/2018 2:13:55 PM | * WEFiles/Server/VarText.php-- -- --4496
5/1/2018 2:13:55 PM | * .htaccess-- -- --0
5/1/2018 2:13:55 PM | * Avancement du projet(var).js-- -- --334
5/1/2018 2:13:55 PM | * Avancement du projet.css-- -- --3902
5/1/2018 2:13:55 PM | * Files/Video/Light_Bulb_4___13s___4k_res.mp4-- -- --16617313
5/1/2018 2:13:55 PM | * WEFiles/Client/gddflvplayer-v21.swf-- -- --10649
5/1/2018 2:13:55 PM | * WEFiles/Client/WEVideo-v21.js-- -- --7909
5/1/2018 2:13:55 PM | * WEFiles/Image/Flag_DEFAULT.png-- -- --782
5/1/2018 2:13:55 PM | * WEFiles/Image/Flag_FR.png-- -- --771
5/1/2018 2:13:55 PM | * Files/Image/barre menu 1.png-- -- --420
5/1/2018 2:13:55 PM | * Files/Image/barre menu.png-- -- --461
5/1/2018 2:13:55 PM | * WEFiles/Image/Skin/0db815a6.png-- -- --348
5/1/2018 2:13:55 PM | * WEFiles/Image/Skin/23baf6c8.png-- -- --520
5/1/2018 2:13:55 PM | * WEFiles/Image/Skin/962e1fc1.png-- -- --477
5/1/2018 2:13:55 PM | * WEFiles/Image/Skin/f4da6582.png-- -- --229
5/1/2018 2:13:55 PM | * WEFiles/Image/Skin/00bff3bd.png-- -- --223
5/1/2018 2:13:55 PM | * WEFiles/Image/Skin/c92e726e.png-- -- --230
5/1/2018 2:13:55 PM | * WEFiles/Image/Skin/1ccc25ab.png-- -- --266
5/1/2018 2:13:55 PM | * WEFiles/Image/Skin/dc555665.png-- -- --1363
5/1/2018 2:13:55 PM | * WEFiles/Image/Skin/ebc9774e.png-- -- --1600
5/1/2018 2:13:55 PM | * Avancement du projet.htm-- -- --36974
5/1/2018 2:13:55 PM | * Createurs de Gamma.css-- -- --1397
5/1/2018 2:13:55 PM | * Files/Image/New Canvas.png-- -- --10733726
5/1/2018 2:13:55 PM | * Createurs de Gamma.htm-- -- --25796
5/1/2018 2:13:55 PM | * Histoire de Gamma.css-- -- --827
5/1/2018 2:13:55 PM | * Histoire de Gamma.htm-- -- --25280
5/1/2018 2:13:55 PM | * index(var).js-- -- --1133
5/1/2018 2:13:55 PM | * index(var).php-- -- --1188
5/1/2018 2:13:55 PM | * index.css-- -- --1131
5/1/2018 2:13:55 PM | * Files/Video/Fire_Embers_15___24s___4k_res.mp4-- -- --14062263
5/1/2018 2:13:55 PM | * WEFiles/Server/WESendMail-v210.php-- -- --12362
5/1/2018 2:13:55 PM | * WEFiles/Client/WESendMail-v210.js-- -- --3670
5/1/2018 2:13:55 PM | * index.htm-- -- --26286
5/1/2018 2:13:55 PM | * robots.txt-- -- --19
5/1/2018 2:13:55 PM | * SAMPLE(var).php-- -- --314
5/1/2018 2:13:55 PM | * SAMPLE.css-- -- --17300
5/1/2018 2:13:55 PM | * Files/Image/Slide1-trait-separation.png-- -- --268
5/1/2018 2:13:55 PM | * Files/Image/icone-demo.png-- -- --16324
5/1/2018 2:13:55 PM | * WEFiles/Image/Skin/f43c7602.png-- -- --90
5/1/2018 2:13:55 PM | * WEFiles/Image/Skin/fd65299b.jpg-- -- --9952
5/1/2018 2:13:55 PM | * WEFiles/Image/Skin/d948ce83.png-- -- --90
5/1/2018 2:13:55 PM | * WEFiles/Image/Skin/88cbd4d4.png-- -- --90
5/1/2018 2:13:55 PM | * WEFiles/Image/Skin/ac543dc2.png-- -- --90
5/1/2018 2:13:55 PM | * WEFiles/Image/Skin/deb8b244.png-- -- --90
5/1/2018 2:13:55 PM | * WEFiles/Image/Skin/2a3f2740.png-- -- --930
5/1/2018 2:13:55 PM | * WEFiles/Image/Skin/4d302d5a.png-- -- --1164
5/1/2018 2:13:55 PM | * WEFiles/Image/Skin/1ea4693c.png-- -- --1325
5/1/2018 2:13:55 PM | * WEFiles/Image/Skin/89ed3aad.png-- -- --1040
5/1/2018 2:13:55 PM | * WEFiles/Image/Skin/ab4ef622.jpg-- -- --9952
5/1/2018 2:13:55 PM | * WEFiles/Image/Skin/23fa532d.jpg-- -- --9952
5/1/2018 2:13:55 PM | * WEFiles/Image/Skin/1a2d3739.png-- -- --90
5/1/2018 2:13:55 PM | * WEFiles/Image/Skin/5e7a93a0.png-- -- --2093
5/1/2018 2:13:55 PM | * WEFiles/Image/Skin/27ffe030.png-- -- --1652
5/1/2018 2:13:55 PM | * WEFiles/Image/Skin/d20caab5.png-- -- --1564
5/1/2018 2:13:55 PM | * WEFiles/Image/Skin/a2d6e7ec.png-- -- --1978
5/1/2018 2:13:55 PM | * WEFiles/Image/Skin/a4748c8c.png-- -- --90
5/1/2018 2:13:55 PM | * WEFiles/Image/Skin/26c70838.png-- -- --193
5/1/2018 2:13:55 PM | * WEFiles/Image/Skin/58294202.png-- -- --825
5/1/2018 2:13:55 PM | * WEFiles/Image/Skin/cbb1ae94.png-- -- --193
5/1/2018 2:13:55 PM | * WEFiles/Image/Skin/966687aa.png-- -- --825
5/1/2018 2:13:55 PM | * SAMPLE.htm-- -- --50724
5/1/2018 2:13:55 PM | * sitemap.xml-- -- --1125
5/1/2018 2:13:55 PM | * Telecharger rapport.css-- -- --1005
5/1/2018 2:13:55 PM | * Files/Other/cahier-des-charges.pdf-- -- --255838
5/1/2018 2:13:55 PM | * Files/Other/Rapport de Soutenance 1.pdf-- -- --325106
5/1/2018 2:13:55 PM | * Telecharger rapport.htm-- -- --24500
5/1/2018 2:13:55 PM | * Files/Other/cahier-des-charges.pdf-- -- --255838
5/1/2018 2:13:55 PM | * Files/Other/Rapport de Soutenance 1.pdf-- -- --325106
5/1/2018 2:13:55 PM | * Files/Fonts/Domestic Manners.eot-- -- --61388
5/1/2018 2:13:55 PM | * Files/Fonts/Domestic Manners.ttf-- -- --61128
5/1/2018 2:13:55 PM | * Files/Fonts/Domestic Manners.woff-- -- --34672
5/1/2018 2:13:55 PM | * Files/Fonts/Fonts.css-- -- --1556
5/1/2018 2:13:55 PM | * Files/Fonts/GeosansLight.eot-- -- --60242
5/1/2018 2:13:55 PM | * Files/Fonts/GeosansLight.ttf-- -- --60072
5/1/2018 2:13:55 PM | * Files/Fonts/GeosansLight.woff-- -- --32304
5/1/2018 2:13:55 PM | * Files/Fonts/Open Sans Light.eot-- -- --42150
5/1/2018 2:13:55 PM | * Files/Fonts/Open Sans Light.ttf-- -- --41936
5/1/2018 2:13:55 PM | * Files/Fonts/Open Sans Light.woff-- -- --22868
5/1/2018 2:13:55 PM | * Files/Fonts/Open Sans.eot-- -- --42790
5/1/2018 2:13:55 PM | * Files/Fonts/Open Sans.ttf-- -- --42600
5/1/2018 2:13:55 PM | * Files/Fonts/Open Sans.woff-- -- --23520
5/1/2018 2:13:55 PM | * Templates/Base_MenuRetractable.css-- -- --6809
5/1/2018 2:13:55 PM | * Templates/Base_Scripts.css-- -- --696
5/1/2018 2:13:56 PM | 
5/1/2018 2:13:56 PM | 
--------------------------------Phase 1 Terminé--------------------------------
5/1/2018 2:13:56 PM | 

