6/12/2018 7:16:38 PM | Debut Mise en ligne complete (Site):
6/12/2018 7:16:50 PM | Listing terminé :
6/12/2018 7:16:50 PM | 

6/12/2018 7:16:50 PM | * Files/Fonts-- -- --Folder create
6/12/2018 7:16:50 PM | * Files/Other-- -- --Folder create
6/12/2018 7:16:50 PM | * WEFiles-- -- --Folder create
6/12/2018 7:16:50 PM | * WEFiles/Xml-- -- --Folder create
6/12/2018 7:16:50 PM | * WEFiles/Server-- -- --Folder create
6/12/2018 7:16:50 PM | * WEFiles/Server/language-- -- --Folder create
6/12/2018 7:16:50 PM | * WEFiles/Server/DB-- -- --Folder create
6/12/2018 7:16:50 PM | * WEFiles/Server/DB/DBTools-- -- --Folder create
6/12/2018 7:16:50 PM | * WEFiles/Server/class-- -- --Folder create
6/12/2018 7:16:50 PM | * WEFiles/Other-- -- --Folder create
6/12/2018 7:16:50 PM | * WEFiles/Image-- -- --Folder create
6/12/2018 7:16:50 PM | * WEFiles/Font-- -- --Folder create
6/12/2018 7:16:50 PM | * WEFiles/EG-- -- --Folder create
6/12/2018 7:16:50 PM | * WEFiles/Css-- -- --Folder create
6/12/2018 7:16:50 PM | * WEFiles/Css/v02-- -- --Folder create
6/12/2018 7:16:50 PM | * WEFiles/Css/v01-- -- --Folder create
6/12/2018 7:16:50 PM | * WEFiles/Client-- -- --Folder create
6/12/2018 7:16:50 PM | * WEFiles/Client/jQuery-- -- --Folder create
6/12/2018 7:16:50 PM | * WEFiles/Client/jQuery/Plugins-- -- --Folder create
6/12/2018 7:16:50 PM | * WEFiles/Client/Common-- -- --Folder create
6/12/2018 7:16:50 PM | * Templates-- -- --Folder create
6/12/2018 7:16:50 PM | * Files-- -- --Folder create
6/12/2018 7:16:50 PM | * Files/Video-- -- --Folder create
6/12/2018 7:16:50 PM | * Files/Other-- -- --Folder create
6/12/2018 7:16:50 PM | * Files/Media-- -- --Folder create
6/12/2018 7:16:50 PM | * Files/Image-- -- --Folder create
6/12/2018 7:16:50 PM | * Files/Fonts-- -- --Folder create
6/12/2018 7:16:50 PM | * Files/Flash-- -- --Folder create
6/12/2018 7:16:50 PM | * Files/Audio-- -- --Folder create
6/12/2018 7:16:50 PM | * Data-- -- --Folder create
6/12/2018 7:16:50 PM | * Backup-- -- --Folder create
6/12/2018 7:16:50 PM | * Common-- -- --Folder create
6/12/2018 7:16:50 PM | * WEFiles/Image/WEImage-- -- --Folder create
6/12/2018 7:16:50 PM | * WEFiles/Image/Skin-- -- --Folder create
6/12/2018 7:16:50 PM | * Files\Other-- -- --Folder create
6/12/2018 7:16:50 PM | * Files\Fonts-- -- --Folder create
6/12/2018 7:16:50 PM | * Backup/.htaccess-- -- --33
6/12/2018 7:16:50 PM | * Data/.htaccess-- -- --13
6/12/2018 7:16:50 PM | * WEFiles/Client/Common/oe.min.js-- -- --16317
6/12/2018 7:16:50 PM | * WEFiles/Client/jQuery/Plugins/jquery.form.js-- -- --11659
6/12/2018 7:16:50 PM | * WEFiles/Client/jQuery/Plugins/jquery.ui.core.js-- -- --19590
6/12/2018 7:16:50 PM | * WEFiles/Client/jQuery/Plugins/jquery.ui.effects.js-- -- --25199
6/12/2018 7:16:50 PM | * WEFiles/Client/jQuery/1.10.2.js-- -- --93107
6/12/2018 7:16:50 PM | * WEFiles/Client/jQuery/migrate.js-- -- --7202
6/12/2018 7:16:50 PM | * WEFiles/Client/OEDB.js-- -- --1856
6/12/2018 7:16:50 PM | * WEFiles/Client/OEDBClasses.js-- -- --2280
6/12/2018 7:16:50 PM | * WEFiles/Client/opentip-jquery.min.js-- -- --44974
6/12/2018 7:16:50 PM | * WEFiles/Css/v01/openElement.css-- -- --5851
6/12/2018 7:16:50 PM | * WEFiles/Css/v02/openElement.css-- -- --6102
6/12/2018 7:16:50 PM | * WEFiles/Css/v02/openElement.int.css-- -- --6177
6/12/2018 7:16:50 PM | * WEFiles/Css/ie7.css-- -- --833
6/12/2018 7:16:50 PM | * WEFiles/Css/opentip.css-- -- --9211
6/12/2018 7:16:50 PM | * WEFiles/Image/Code.png-- -- --831
6/12/2018 7:16:50 PM | * WEFiles/Image/delete.png-- -- --1465
6/12/2018 7:16:50 PM | * WEFiles/Image/empty.png-- -- --184
6/12/2018 7:16:50 PM | * WEFiles/Image/information2.png-- -- --3246
6/12/2018 7:16:50 PM | * WEFiles/Image/loading.gif-- -- --1924
6/12/2018 7:16:50 PM | * WEFiles/Image/Loading2.gif-- -- --4941
6/12/2018 7:16:50 PM | * WEFiles/Image/mask.png-- -- --213
6/12/2018 7:16:50 PM | * WEFiles/Image/ModalBackgound.png-- -- --27145
6/12/2018 7:16:50 PM | * WEFiles/Image/ModalPopupBlock.png-- -- --268
6/12/2018 7:16:50 PM | * WEFiles/Image/ServerError.png-- -- --2602
6/12/2018 7:16:50 PM | * WEFiles/Image/warning.png-- -- --816
6/12/2018 7:16:50 PM | * WEFiles/Image/WEW3C.png-- -- --1882
6/12/2018 7:16:50 PM | * WEFiles/Server/class/class-phpmailer.php-- -- --65668
6/12/2018 7:16:50 PM | * WEFiles/Server/class/class-smtp.php-- -- --32456
6/12/2018 7:16:50 PM | * WEFiles/Server/DB/DBTools/OEDataContainers.php-- -- --57685
6/12/2018 7:16:50 PM | * WEFiles/Server/DB/DBTools/OEDBRequest.php-- -- --36412
6/12/2018 7:16:50 PM | * WEFiles/Server/DB/DBTools/OEDynUtils.php-- -- --15107
6/12/2018 7:16:50 PM | * WEFiles/Server/DB/.htaccess-- -- --13
6/12/2018 7:16:50 PM | * WEFiles/Server/DB/OEDB.php-- -- --28741
6/12/2018 7:16:50 PM | * WEFiles/Server/DB/OEDBClasses.php-- -- --84483
6/12/2018 7:16:50 PM | * WEFiles/Server/DB/sqllogin.php-- -- --1479
6/12/2018 7:16:50 PM | * WEFiles/Server/language/phpmailer.lang-en.php-- -- --1188
6/12/2018 7:16:50 PM | * WEFiles/Server/language/phpmailer.lang-fr.php-- -- --1297
6/12/2018 7:16:50 PM | * WEFiles/Server/openElement.php-- -- --13870
6/12/2018 7:16:50 PM | * WEFiles/Server/VarText.php-- -- --4496
6/12/2018 7:16:50 PM | * Files/Other/rapport-de-soutenance.pdf-- -- --344901
6/12/2018 7:16:50 PM | * Files/Other/rapport-final-wala.pdf-- -- --503849
6/12/2018 7:16:50 PM | * .htaccess-- -- --0
6/12/2018 7:16:50 PM | * Avancement du projet.css-- -- --3042
6/12/2018 7:16:50 PM | * Files/Image/business-code-codes-207580.jpg-- -- --1247351
6/12/2018 7:16:50 PM | * WEFiles/Image/WEImage/business-code-codes-207580-WE798b1f80cc.jpg-- -- --611791
6/12/2018 7:16:50 PM | * Files/Image/barre menu 1.png-- -- --420
6/12/2018 7:16:50 PM | * Files/Image/barre menu.png-- -- --461
6/12/2018 7:16:50 PM | * WEFiles/Image/Skin/0db815a6.png-- -- --348
6/12/2018 7:16:50 PM | * Files/Image/american-british-flag (1).jpg-- -- --20130
6/12/2018 7:16:50 PM | * Files/Image/cle de sol.jpg-- -- --19088
6/12/2018 7:16:50 PM | * WEFiles/Image/Skin/23baf6c8.png-- -- --520
6/12/2018 7:16:50 PM | * WEFiles/Image/Skin/962e1fc1.png-- -- --477
6/12/2018 7:16:50 PM | * WEFiles/Image/Skin/f4da6582.png-- -- --229
6/12/2018 7:16:50 PM | * WEFiles/Image/Skin/00bff3bd.png-- -- --223
6/12/2018 7:16:50 PM | * WEFiles/Image/Skin/c92e726e.png-- -- --230
6/12/2018 7:16:50 PM | * WEFiles/Image/Skin/1ccc25ab.png-- -- --266
6/12/2018 7:16:50 PM | * WEFiles/Image/Skin/dc555665.png-- -- --1363
6/12/2018 7:16:50 PM | * WEFiles/Image/Skin/ebc9774e.png-- -- --1600
6/12/2018 7:16:50 PM | * Avancement du projet.htm-- -- --32839
6/12/2018 7:16:50 PM | * Createurs de Gamma.css-- -- --1533
6/12/2018 7:16:50 PM | * Files/Image/armchair-art-chair-696407.jpg-- -- --134858
6/12/2018 7:16:50 PM | * WEFiles/Client/WEXBodyAutoHeight-v22.js-- -- --2333
6/12/2018 7:16:50 PM | * Createurs de Gamma.htm-- -- --27093
6/12/2018 7:16:50 PM | * Donwload the OST.css-- -- --1289
6/12/2018 7:16:50 PM | * Files/Audio/track1b-764-.wav-- -- --10361912
6/12/2018 7:16:50 PM | * Files/Audio/track 2 a.wav-- -- --11404100
6/12/2018 7:16:50 PM | * Files/Audio/track 3 a.wav-- -- --9913604
6/12/2018 7:16:50 PM | * Files/Audio/track 4 b.wav-- -- --12643112
6/12/2018 7:16:50 PM | * Files/Audio/soundtrack.wav-- -- --6211848
6/12/2018 7:16:50 PM | * Files/Image/500px-Flag_of_France_and_Belgium-svg__1.png-- -- --599
6/12/2018 7:16:50 PM | * Files/Image/Gwenn_ha_Du_(11_mouchetures).jpg-- -- --912
6/12/2018 7:16:50 PM | * Donwload the OST.htm-- -- --25488
6/12/2018 7:16:50 PM | * Donwoad Soundtrack.css-- -- --1199
6/12/2018 7:16:50 PM | * Donwoad Soundtrack.htm-- -- --25443
6/12/2018 7:16:50 PM | * Download game.css-- -- --934
6/12/2018 7:16:50 PM | * Files/Image/ejkfh.png-- -- --14709
6/12/2018 7:16:50 PM | * Download game.htm-- -- --24025
6/12/2018 7:16:50 PM | * Download report(var).js-- -- --318
6/12/2018 7:16:50 PM | * Download report.css-- -- --1336
6/12/2018 7:16:50 PM | * Files/Other/cahier-des-charges.pdf-- -- --255838
6/12/2018 7:16:50 PM | * Files/Other/Rapport de Soutenance 1.pdf-- -- --325106
6/12/2018 7:16:50 PM | * Files/Video/Hello-World.mp4-- -- --4683685
6/12/2018 7:16:50 PM | * WEFiles/Client/gddflvplayer-v21.swf-- -- --10649
6/12/2018 7:16:50 PM | * WEFiles/Client/WEVideo-v21.js-- -- --7909
6/12/2018 7:16:50 PM | * Download report.htm-- -- --27134
6/12/2018 7:16:50 PM | * Espace des gammarois(var).js-- -- --1686
6/12/2018 7:16:50 PM | * Espace des gammarois(var).php-- -- --2508
6/12/2018 7:16:50 PM | * Espace des gammarois.css-- -- --2551
6/12/2018 7:16:50 PM | * Files/Image/temporal-distance-1990035_1920.jpg-- -- --515883
6/12/2018 7:16:50 PM | * WEFiles/Server/WESendMail-v210.php-- -- --12362
6/12/2018 7:16:50 PM | * WEFiles/Client/WESendMail-v210.js-- -- --3670
6/12/2018 7:16:50 PM | * WEFiles/Image/Skin/cbb1ae94.png-- -- --193
6/12/2018 7:16:50 PM | * WEFiles/Image/Skin/966687aa.png-- -- --825
6/12/2018 7:16:50 PM | * Espace des gammarois.htm-- -- --30886
6/12/2018 7:16:50 PM | * Histoire de Gamma(var).js-- -- --316
6/12/2018 7:16:50 PM | * Histoire de Gamma.css-- -- --954
6/12/2018 7:16:50 PM | * Files/Video/579928435.mp4-- -- --6195646
6/12/2018 7:16:50 PM | * Histoire de Gamma.htm-- -- --27577
6/12/2018 7:16:50 PM | * index(var).js-- -- --1133
6/12/2018 7:16:50 PM | * index(var).php-- -- --1188
6/12/2018 7:16:50 PM | * index.css-- -- --1191
6/12/2018 7:16:50 PM | * Files/Video/Fire_Embers_15___24s___4k_res.mp4-- -- --14062263
6/12/2018 7:16:50 PM | * index.htm-- -- --26879
6/12/2018 7:16:50 PM | * Page Accueil ENglish Version(var).js-- -- --336
6/12/2018 7:16:50 PM | * Page Accueil ENglish Version.css-- -- --1211
6/12/2018 7:16:50 PM | * Page Accueil ENglish Version.htm-- -- --26594
6/12/2018 7:16:50 PM | * Page.css-- -- --450
6/12/2018 7:16:50 PM | * Page.htm-- -- --22888
6/12/2018 7:16:50 PM | * Progressions of the project.css-- -- --3058
6/12/2018 7:16:50 PM | * WEFiles/Image/WEImage/business-code-codes-207580-WE024374f603.jpg-- -- --461500
6/12/2018 7:16:50 PM | * Progressions of the project.htm-- -- --34484
6/12/2018 7:16:50 PM | * robots.txt-- -- --19
6/12/2018 7:16:50 PM | * SAMPLE(var).php-- -- --314
6/12/2018 7:16:50 PM | * SAMPLE.css-- -- --17300
6/12/2018 7:16:50 PM | * Files/Image/Slide1-trait-separation.png-- -- --268
6/12/2018 7:16:50 PM | * Files/Image/icone-demo.png-- -- --16324
6/12/2018 7:16:50 PM | * WEFiles/Image/Skin/f43c7602.png-- -- --90
6/12/2018 7:16:50 PM | * WEFiles/Image/Skin/fd65299b.jpg-- -- --9952
6/12/2018 7:16:50 PM | * WEFiles/Image/Skin/d948ce83.png-- -- --90
6/12/2018 7:16:50 PM | * WEFiles/Image/Skin/88cbd4d4.png-- -- --90
6/12/2018 7:16:50 PM | * WEFiles/Image/Skin/ac543dc2.png-- -- --90
6/12/2018 7:16:50 PM | * WEFiles/Image/Skin/deb8b244.png-- -- --90
6/12/2018 7:16:50 PM | * WEFiles/Image/Skin/2a3f2740.png-- -- --930
6/12/2018 7:16:50 PM | * WEFiles/Image/Skin/4d302d5a.png-- -- --1164
6/12/2018 7:16:50 PM | * WEFiles/Image/Skin/1ea4693c.png-- -- --1325
6/12/2018 7:16:50 PM | * WEFiles/Image/Skin/89ed3aad.png-- -- --1040
6/12/2018 7:16:50 PM | * WEFiles/Image/Skin/ab4ef622.jpg-- -- --9952
6/12/2018 7:16:50 PM | * WEFiles/Image/Skin/23fa532d.jpg-- -- --9952
6/12/2018 7:16:50 PM | * WEFiles/Image/Skin/1a2d3739.png-- -- --90
6/12/2018 7:16:50 PM | * WEFiles/Image/Skin/5e7a93a0.png-- -- --2093
6/12/2018 7:16:50 PM | * WEFiles/Image/Skin/27ffe030.png-- -- --1652
6/12/2018 7:16:50 PM | * WEFiles/Image/Skin/d20caab5.png-- -- --1564
6/12/2018 7:16:50 PM | * WEFiles/Image/Skin/a2d6e7ec.png-- -- --1978
6/12/2018 7:16:50 PM | * WEFiles/Image/Skin/a4748c8c.png-- -- --90
6/12/2018 7:16:50 PM | * WEFiles/Image/Skin/26c70838.png-- -- --193
6/12/2018 7:16:50 PM | * WEFiles/Image/Skin/58294202.png-- -- --825
6/12/2018 7:16:50 PM | * SAMPLE.htm-- -- --50724
6/12/2018 7:16:50 PM | * sitemap.xml-- -- --2973
6/12/2018 7:16:50 PM | * Telecharger le jeu.css-- -- --934
6/12/2018 7:16:50 PM | * Telecharger le jeu.htm-- -- --24033
6/12/2018 7:16:50 PM | * Telecharger rapport(var).js-- -- --318
6/12/2018 7:16:50 PM | * Telecharger rapport.css-- -- --1338
6/12/2018 7:16:50 PM | * Files/Image/New Canvas.png-- -- --10733726
6/12/2018 7:16:50 PM | * Telecharger rapport.htm-- -- --27836
6/12/2018 7:16:50 PM | * The Gamma-s creator.css-- -- --1627
6/12/2018 7:16:50 PM | * The Gamma-s creator.htm-- -- --26291
6/12/2018 7:16:50 PM | * The Gammaroi-s place(var).php-- -- --113
6/12/2018 7:16:50 PM | * The Gammaroi-s place.css-- -- --2348
6/12/2018 7:16:50 PM | * The Gammaroi-s place.htm-- -- --29291
6/12/2018 7:16:50 PM | * The Story of gamma(var).js-- -- --316
6/12/2018 7:16:50 PM | * The Story of gamma.css-- -- --954
6/12/2018 7:16:50 PM | * The Story of gamma.htm-- -- --27002
6/12/2018 7:16:50 PM | * Files/Other/cahier-des-charges.pdf-- -- --255838
6/12/2018 7:16:50 PM | * Files/Other/Rapport de Soutenance 1.pdf-- -- --325106
6/12/2018 7:16:50 PM | * Files/Other/rapport-de-soutenance.pdf-- -- --344901
6/12/2018 7:16:50 PM | * Files/Other/rapport-final-wala.pdf-- -- --503849
6/12/2018 7:16:50 PM | * Files/Fonts/Domestic Manners.eot-- -- --61388
6/12/2018 7:16:50 PM | * Files/Fonts/Domestic Manners.ttf-- -- --61128
6/12/2018 7:16:50 PM | * Files/Fonts/Domestic Manners.woff-- -- --34672
6/12/2018 7:16:50 PM | * Files/Fonts/Fonts.css-- -- --1556
6/12/2018 7:16:50 PM | * Files/Fonts/GeosansLight.eot-- -- --60242
6/12/2018 7:16:50 PM | * Files/Fonts/GeosansLight.ttf-- -- --60072
6/12/2018 7:16:50 PM | * Files/Fonts/GeosansLight.woff-- -- --32304
6/12/2018 7:16:50 PM | * Files/Fonts/Open Sans Light.eot-- -- --42150
6/12/2018 7:16:50 PM | * Files/Fonts/Open Sans Light.ttf-- -- --41936
6/12/2018 7:16:50 PM | * Files/Fonts/Open Sans Light.woff-- -- --22868
6/12/2018 7:16:50 PM | * Files/Fonts/Open Sans.eot-- -- --42790
6/12/2018 7:16:50 PM | * Files/Fonts/Open Sans.ttf-- -- --42600
6/12/2018 7:16:50 PM | * Files/Fonts/Open Sans.woff-- -- --23520
6/12/2018 7:16:50 PM | * Templates/Base_MenuRetractable.css-- -- --6564
6/12/2018 7:16:50 PM | * Templates/Base_Scripts.css-- -- --696
6/12/2018 7:16:50 PM | * Templates/Menu_retractable english versions.css-- -- --6664
6/12/2018 7:16:50 PM | 
6/12/2018 7:16:50 PM | 
--------------------------------Phase 1 Terminé--------------------------------
6/12/2018 7:16:50 PM | 

6/12/2018 7:20:05 PM | Debut Mise en ligne complete (Site):
6/12/2018 7:20:10 PM | Listing terminé :
6/12/2018 7:20:10 PM | 

6/12/2018 7:20:10 PM | * Files/Fonts-- -- --Folder create
6/12/2018 7:20:10 PM | * Files/Other-- -- --Folder create
6/12/2018 7:20:10 PM | * WEFiles-- -- --Folder create
6/12/2018 7:20:10 PM | * WEFiles/Xml-- -- --Folder create
6/12/2018 7:20:10 PM | * WEFiles/Server-- -- --Folder create
6/12/2018 7:20:10 PM | * WEFiles/Server/language-- -- --Folder create
6/12/2018 7:20:10 PM | * WEFiles/Server/DB-- -- --Folder create
6/12/2018 7:20:10 PM | * WEFiles/Server/DB/DBTools-- -- --Folder create
6/12/2018 7:20:10 PM | * WEFiles/Server/class-- -- --Folder create
6/12/2018 7:20:10 PM | * WEFiles/Other-- -- --Folder create
6/12/2018 7:20:10 PM | * WEFiles/Image-- -- --Folder create
6/12/2018 7:20:10 PM | * WEFiles/Font-- -- --Folder create
6/12/2018 7:20:10 PM | * WEFiles/EG-- -- --Folder create
6/12/2018 7:20:10 PM | * WEFiles/Css-- -- --Folder create
6/12/2018 7:20:10 PM | * WEFiles/Css/v02-- -- --Folder create
6/12/2018 7:20:10 PM | * WEFiles/Css/v01-- -- --Folder create
6/12/2018 7:20:10 PM | * WEFiles/Client-- -- --Folder create
6/12/2018 7:20:10 PM | * WEFiles/Client/jQuery-- -- --Folder create
6/12/2018 7:20:10 PM | * WEFiles/Client/jQuery/Plugins-- -- --Folder create
6/12/2018 7:20:10 PM | * WEFiles/Client/Common-- -- --Folder create
6/12/2018 7:20:10 PM | * Templates-- -- --Folder create
6/12/2018 7:20:10 PM | * Files-- -- --Folder create
6/12/2018 7:20:10 PM | * Files/Video-- -- --Folder create
6/12/2018 7:20:10 PM | * Files/Other-- -- --Folder create
6/12/2018 7:20:10 PM | * Files/Media-- -- --Folder create
6/12/2018 7:20:10 PM | * Files/Image-- -- --Folder create
6/12/2018 7:20:10 PM | * Files/Fonts-- -- --Folder create
6/12/2018 7:20:10 PM | * Files/Flash-- -- --Folder create
6/12/2018 7:20:10 PM | * Files/Audio-- -- --Folder create
6/12/2018 7:20:10 PM | * Data-- -- --Folder create
6/12/2018 7:20:10 PM | * Backup-- -- --Folder create
6/12/2018 7:20:10 PM | * Common-- -- --Folder create
6/12/2018 7:20:10 PM | * WEFiles/Image/WEImage-- -- --Folder create
6/12/2018 7:20:10 PM | * WEFiles/Image/Skin-- -- --Folder create
6/12/2018 7:20:10 PM | * Files\Other-- -- --Folder create
6/12/2018 7:20:10 PM | * Files\Fonts-- -- --Folder create
6/12/2018 7:20:10 PM | * Backup/.htaccess-- -- --33
6/12/2018 7:20:10 PM | * Data/.htaccess-- -- --13
6/12/2018 7:20:10 PM | * WEFiles/Client/Common/oe.min.js-- -- --16317
6/12/2018 7:20:10 PM | * WEFiles/Client/jQuery/Plugins/jquery.form.js-- -- --11659
6/12/2018 7:20:10 PM | * WEFiles/Client/jQuery/Plugins/jquery.ui.core.js-- -- --19590
6/12/2018 7:20:10 PM | * WEFiles/Client/jQuery/Plugins/jquery.ui.effects.js-- -- --25199
6/12/2018 7:20:10 PM | * WEFiles/Client/jQuery/1.10.2.js-- -- --93107
6/12/2018 7:20:10 PM | * WEFiles/Client/jQuery/migrate.js-- -- --7202
6/12/2018 7:20:10 PM | * WEFiles/Client/OEDB.js-- -- --1856
6/12/2018 7:20:10 PM | * WEFiles/Client/OEDBClasses.js-- -- --2280
6/12/2018 7:20:10 PM | * WEFiles/Client/opentip-jquery.min.js-- -- --44974
6/12/2018 7:20:10 PM | * WEFiles/Css/v01/openElement.css-- -- --5851
6/12/2018 7:20:10 PM | * WEFiles/Css/v02/openElement.css-- -- --6102
6/12/2018 7:20:10 PM | * WEFiles/Css/v02/openElement.int.css-- -- --6177
6/12/2018 7:20:10 PM | * WEFiles/Css/ie7.css-- -- --833
6/12/2018 7:20:10 PM | * WEFiles/Css/opentip.css-- -- --9211
6/12/2018 7:20:10 PM | * WEFiles/Image/Code.png-- -- --831
6/12/2018 7:20:10 PM | * WEFiles/Image/delete.png-- -- --1465
6/12/2018 7:20:10 PM | * WEFiles/Image/empty.png-- -- --184
6/12/2018 7:20:10 PM | * WEFiles/Image/information2.png-- -- --3246
6/12/2018 7:20:10 PM | * WEFiles/Image/loading.gif-- -- --1924
6/12/2018 7:20:10 PM | * WEFiles/Image/Loading2.gif-- -- --4941
6/12/2018 7:20:10 PM | * WEFiles/Image/mask.png-- -- --213
6/12/2018 7:20:10 PM | * WEFiles/Image/ModalBackgound.png-- -- --27145
6/12/2018 7:20:10 PM | * WEFiles/Image/ModalPopupBlock.png-- -- --268
6/12/2018 7:20:10 PM | * WEFiles/Image/ServerError.png-- -- --2602
6/12/2018 7:20:10 PM | * WEFiles/Image/warning.png-- -- --816
6/12/2018 7:20:10 PM | * WEFiles/Image/WEW3C.png-- -- --1882
6/12/2018 7:20:10 PM | * WEFiles/Server/class/class-phpmailer.php-- -- --65668
6/12/2018 7:20:10 PM | * WEFiles/Server/class/class-smtp.php-- -- --32456
6/12/2018 7:20:10 PM | * WEFiles/Server/DB/DBTools/OEDataContainers.php-- -- --57685
6/12/2018 7:20:10 PM | * WEFiles/Server/DB/DBTools/OEDBRequest.php-- -- --36412
6/12/2018 7:20:10 PM | * WEFiles/Server/DB/DBTools/OEDynUtils.php-- -- --15107
6/12/2018 7:20:10 PM | * WEFiles/Server/DB/.htaccess-- -- --13
6/12/2018 7:20:10 PM | * WEFiles/Server/DB/OEDB.php-- -- --28741
6/12/2018 7:20:10 PM | * WEFiles/Server/DB/OEDBClasses.php-- -- --84483
6/12/2018 7:20:10 PM | * WEFiles/Server/DB/sqllogin.php-- -- --1479
6/12/2018 7:20:10 PM | * WEFiles/Server/language/phpmailer.lang-en.php-- -- --1188
6/12/2018 7:20:10 PM | * WEFiles/Server/language/phpmailer.lang-fr.php-- -- --1297
6/12/2018 7:20:10 PM | * WEFiles/Server/openElement.php-- -- --13870
6/12/2018 7:20:10 PM | * WEFiles/Server/VarText.php-- -- --4496
6/12/2018 7:20:10 PM | * .htaccess-- -- --0
6/12/2018 7:20:10 PM | * Avancement du projet.css-- -- --3042
6/12/2018 7:20:10 PM | * Files/Image/business-code-codes-207580.jpg-- -- --1247351
6/12/2018 7:20:10 PM | * WEFiles/Image/WEImage/business-code-codes-207580-WE798b1f80cc.jpg-- -- --611791
6/12/2018 7:20:10 PM | * Files/Image/barre menu 1.png-- -- --420
6/12/2018 7:20:10 PM | * Files/Image/barre menu.png-- -- --461
6/12/2018 7:20:10 PM | * WEFiles/Image/Skin/0db815a6.png-- -- --348
6/12/2018 7:20:10 PM | * Files/Image/american-british-flag (1).jpg-- -- --20130
6/12/2018 7:20:10 PM | * Files/Image/cle de sol.jpg-- -- --19088
6/12/2018 7:20:10 PM | * WEFiles/Image/Skin/23baf6c8.png-- -- --520
6/12/2018 7:20:10 PM | * WEFiles/Image/Skin/962e1fc1.png-- -- --477
6/12/2018 7:20:10 PM | * WEFiles/Image/Skin/f4da6582.png-- -- --229
6/12/2018 7:20:10 PM | * WEFiles/Image/Skin/00bff3bd.png-- -- --223
6/12/2018 7:20:10 PM | * WEFiles/Image/Skin/c92e726e.png-- -- --230
6/12/2018 7:20:10 PM | * WEFiles/Image/Skin/1ccc25ab.png-- -- --266
6/12/2018 7:20:10 PM | * WEFiles/Image/Skin/dc555665.png-- -- --1363
6/12/2018 7:20:10 PM | * WEFiles/Image/Skin/ebc9774e.png-- -- --1600
6/12/2018 7:20:10 PM | * Avancement du projet.htm-- -- --32839
6/12/2018 7:20:10 PM | * Createurs de Gamma.css-- -- --1533
6/12/2018 7:20:10 PM | * Files/Image/armchair-art-chair-696407.jpg-- -- --134858
6/12/2018 7:20:10 PM | * WEFiles/Client/WEXBodyAutoHeight-v22.js-- -- --2333
6/12/2018 7:20:10 PM | * Createurs de Gamma.htm-- -- --27093
6/12/2018 7:20:10 PM | * Donwload the OST.css-- -- --1289
6/12/2018 7:20:10 PM | * Files/Audio/track1b-764-.wav-- -- --10361912
6/12/2018 7:20:10 PM | * Files/Audio/track 2 a.wav-- -- --11404100
6/12/2018 7:20:10 PM | * Files/Audio/track 3 a.wav-- -- --9913604
6/12/2018 7:20:10 PM | * Files/Audio/track 4 b.wav-- -- --12643112
6/12/2018 7:20:10 PM | * Files/Audio/soundtrack.wav-- -- --6211848
6/12/2018 7:20:10 PM | * Files/Image/500px-Flag_of_France_and_Belgium-svg__1.png-- -- --599
6/12/2018 7:20:10 PM | * Files/Image/Gwenn_ha_Du_(11_mouchetures).jpg-- -- --912
6/12/2018 7:20:10 PM | * Donwload the OST.htm-- -- --25488
6/12/2018 7:20:10 PM | * Donwoad Soundtrack.css-- -- --1199
6/12/2018 7:20:10 PM | * Donwoad Soundtrack.htm-- -- --25443
6/12/2018 7:20:10 PM | * Download game.css-- -- --934
6/12/2018 7:20:10 PM | * Files/Image/ejkfh.png-- -- --14709
6/12/2018 7:20:10 PM | * Download game.htm-- -- --24025
6/12/2018 7:20:10 PM | * Download report(var).js-- -- --318
6/12/2018 7:20:10 PM | * Download report.css-- -- --1336
6/12/2018 7:20:10 PM | * Files/Other/cahier-des-charges.pdf-- -- --255838
6/12/2018 7:20:10 PM | * Files/Other/Rapport de Soutenance 1.pdf-- -- --325106
6/12/2018 7:20:10 PM | * Files/Other/rapport-de-soutenance.pdf-- -- --344901
6/12/2018 7:20:10 PM | * Files/Other/rapport-final-wala.pdf-- -- --503849
6/12/2018 7:20:10 PM | * Files/Video/Hello-World.mp4-- -- --4683685
6/12/2018 7:20:10 PM | * WEFiles/Client/gddflvplayer-v21.swf-- -- --10649
6/12/2018 7:20:10 PM | * WEFiles/Client/WEVideo-v21.js-- -- --7909
6/12/2018 7:20:10 PM | * Download report.htm-- -- --27134
6/12/2018 7:20:10 PM | * Espace des gammarois(var).js-- -- --1686
6/12/2018 7:20:10 PM | * Espace des gammarois(var).php-- -- --2511
6/12/2018 7:20:10 PM | * Espace des gammarois.css-- -- --2551
6/12/2018 7:20:10 PM | * Files/Image/temporal-distance-1990035_1920.jpg-- -- --515883
6/12/2018 7:20:10 PM | * WEFiles/Server/WESendMail-v210.php-- -- --12362
6/12/2018 7:20:10 PM | * WEFiles/Client/WESendMail-v210.js-- -- --3670
6/12/2018 7:20:10 PM | * WEFiles/Image/Skin/cbb1ae94.png-- -- --193
6/12/2018 7:20:10 PM | * WEFiles/Image/Skin/966687aa.png-- -- --825
6/12/2018 7:20:10 PM | * Espace des gammarois.htm-- -- --30886
6/12/2018 7:20:10 PM | * Histoire de Gamma(var).js-- -- --316
6/12/2018 7:20:10 PM | * Histoire de Gamma.css-- -- --954
6/12/2018 7:20:10 PM | * Files/Video/579928435.mp4-- -- --6195646
6/12/2018 7:20:10 PM | * Histoire de Gamma.htm-- -- --27577
6/12/2018 7:20:10 PM | * index(var).js-- -- --1133
6/12/2018 7:20:10 PM | * index(var).php-- -- --1189
6/12/2018 7:20:10 PM | * index.css-- -- --1191
6/12/2018 7:20:10 PM | * Files/Video/Fire_Embers_15___24s___4k_res.mp4-- -- --14062263
6/12/2018 7:20:10 PM | * index.htm-- -- --26879
6/12/2018 7:20:10 PM | * Page Accueil ENglish Version(var).js-- -- --336
6/12/2018 7:20:10 PM | * Page Accueil ENglish Version.css-- -- --1211
6/12/2018 7:20:10 PM | * Page Accueil ENglish Version.htm-- -- --26594
6/12/2018 7:20:10 PM | * Page.css-- -- --450
6/12/2018 7:20:10 PM | * Page.htm-- -- --22888
6/12/2018 7:20:10 PM | * Progressions of the project.css-- -- --3058
6/12/2018 7:20:10 PM | * WEFiles/Image/WEImage/business-code-codes-207580-WE024374f603.jpg-- -- --461500
6/12/2018 7:20:10 PM | * Progressions of the project.htm-- -- --34484
6/12/2018 7:20:10 PM | * robots.txt-- -- --19
6/12/2018 7:20:10 PM | * SAMPLE(var).php-- -- --314
6/12/2018 7:20:10 PM | * SAMPLE.css-- -- --17300
6/12/2018 7:20:10 PM | * Files/Image/Slide1-trait-separation.png-- -- --268
6/12/2018 7:20:10 PM | * Files/Image/icone-demo.png-- -- --16324
6/12/2018 7:20:10 PM | * WEFiles/Image/Skin/f43c7602.png-- -- --90
6/12/2018 7:20:10 PM | * WEFiles/Image/Skin/fd65299b.jpg-- -- --9952
6/12/2018 7:20:10 PM | * WEFiles/Image/Skin/d948ce83.png-- -- --90
6/12/2018 7:20:10 PM | * WEFiles/Image/Skin/88cbd4d4.png-- -- --90
6/12/2018 7:20:10 PM | * WEFiles/Image/Skin/ac543dc2.png-- -- --90
6/12/2018 7:20:10 PM | * WEFiles/Image/Skin/deb8b244.png-- -- --90
6/12/2018 7:20:10 PM | * WEFiles/Image/Skin/2a3f2740.png-- -- --930
6/12/2018 7:20:10 PM | * WEFiles/Image/Skin/4d302d5a.png-- -- --1164
6/12/2018 7:20:10 PM | * WEFiles/Image/Skin/1ea4693c.png-- -- --1325
6/12/2018 7:20:10 PM | * WEFiles/Image/Skin/89ed3aad.png-- -- --1040
6/12/2018 7:20:10 PM | * WEFiles/Image/Skin/ab4ef622.jpg-- -- --9952
6/12/2018 7:20:10 PM | * WEFiles/Image/Skin/23fa532d.jpg-- -- --9952
6/12/2018 7:20:10 PM | * WEFiles/Image/Skin/1a2d3739.png-- -- --90
6/12/2018 7:20:10 PM | * WEFiles/Image/Skin/5e7a93a0.png-- -- --2093
6/12/2018 7:20:10 PM | * WEFiles/Image/Skin/27ffe030.png-- -- --1652
6/12/2018 7:20:10 PM | * WEFiles/Image/Skin/d20caab5.png-- -- --1564
6/12/2018 7:20:10 PM | * WEFiles/Image/Skin/a2d6e7ec.png-- -- --1978
6/12/2018 7:20:10 PM | * WEFiles/Image/Skin/a4748c8c.png-- -- --90
6/12/2018 7:20:10 PM | * WEFiles/Image/Skin/26c70838.png-- -- --193
6/12/2018 7:20:10 PM | * WEFiles/Image/Skin/58294202.png-- -- --825
6/12/2018 7:20:10 PM | * SAMPLE.htm-- -- --50724
6/12/2018 7:20:10 PM | * sitemap.xml-- -- --2973
6/12/2018 7:20:10 PM | * Telecharger le jeu.css-- -- --934
6/12/2018 7:20:10 PM | * Telecharger le jeu.htm-- -- --24033
6/12/2018 7:20:10 PM | * Telecharger rapport(var).js-- -- --318
6/12/2018 7:20:10 PM | * Telecharger rapport.css-- -- --1338
6/12/2018 7:20:10 PM | * Files/Image/New Canvas.png-- -- --10733726
6/12/2018 7:20:10 PM | * Telecharger rapport.htm-- -- --27836
6/12/2018 7:20:10 PM | * The Gamma-s creator.css-- -- --1627
6/12/2018 7:20:10 PM | * The Gamma-s creator.htm-- -- --26291
6/12/2018 7:20:10 PM | * The Gammaroi-s place(var).php-- -- --113
6/12/2018 7:20:10 PM | * The Gammaroi-s place.css-- -- --2348
6/12/2018 7:20:10 PM | * The Gammaroi-s place.htm-- -- --29291
6/12/2018 7:20:10 PM | * The Story of gamma(var).js-- -- --316
6/12/2018 7:20:10 PM | * The Story of gamma.css-- -- --954
6/12/2018 7:20:10 PM | * The Story of gamma.htm-- -- --27002
6/12/2018 7:20:10 PM | * Files/Other/cahier-des-charges.pdf-- -- --255838
6/12/2018 7:20:10 PM | * Files/Other/Rapport de Soutenance 1.pdf-- -- --325106
6/12/2018 7:20:10 PM | * Files/Other/rapport-de-soutenance.pdf-- -- --344901
6/12/2018 7:20:10 PM | * Files/Other/rapport-final-wala.pdf-- -- --503849
6/12/2018 7:20:10 PM | * Files/Fonts/Domestic Manners.eot-- -- --61388
6/12/2018 7:20:10 PM | * Files/Fonts/Domestic Manners.ttf-- -- --61128
6/12/2018 7:20:10 PM | * Files/Fonts/Domestic Manners.woff-- -- --34672
6/12/2018 7:20:10 PM | * Files/Fonts/Fonts.css-- -- --1556
6/12/2018 7:20:10 PM | * Files/Fonts/GeosansLight.eot-- -- --60242
6/12/2018 7:20:10 PM | * Files/Fonts/GeosansLight.ttf-- -- --60072
6/12/2018 7:20:10 PM | * Files/Fonts/GeosansLight.woff-- -- --32304
6/12/2018 7:20:10 PM | * Files/Fonts/Open Sans Light.eot-- -- --42150
6/12/2018 7:20:10 PM | * Files/Fonts/Open Sans Light.ttf-- -- --41936
6/12/2018 7:20:10 PM | * Files/Fonts/Open Sans Light.woff-- -- --22868
6/12/2018 7:20:10 PM | * Files/Fonts/Open Sans.eot-- -- --42790
6/12/2018 7:20:10 PM | * Files/Fonts/Open Sans.ttf-- -- --42600
6/12/2018 7:20:10 PM | * Files/Fonts/Open Sans.woff-- -- --23520
6/12/2018 7:20:10 PM | * Templates/Base_MenuRetractable.css-- -- --6564
6/12/2018 7:20:10 PM | * Templates/Base_Scripts.css-- -- --696
6/12/2018 7:20:10 PM | * Templates/Menu_retractable english versions.css-- -- --6664
6/12/2018 7:20:10 PM | 
6/12/2018 7:20:10 PM | 
--------------------------------Phase 1 Terminé--------------------------------
6/12/2018 7:20:10 PM | 

