3/12/2018 12:50:51 PM | Debut Mise en ligne complete (Site):
3/12/2018 12:50:54 PM | Listing terminé :
3/12/2018 12:50:54 PM | 

3/12/2018 12:50:54 PM | * Files/Fonts-- -- --Folder create
3/12/2018 12:50:54 PM | * WEFiles-- -- --Folder create
3/12/2018 12:50:54 PM | * WEFiles/Xml-- -- --Folder create
3/12/2018 12:50:54 PM | * WEFiles/Server-- -- --Folder create
3/12/2018 12:50:54 PM | * WEFiles/Server/language-- -- --Folder create
3/12/2018 12:50:54 PM | * WEFiles/Server/DB-- -- --Folder create
3/12/2018 12:50:54 PM | * WEFiles/Server/DB/DBTools-- -- --Folder create
3/12/2018 12:50:54 PM | * WEFiles/Server/class-- -- --Folder create
3/12/2018 12:50:54 PM | * WEFiles/Other-- -- --Folder create
3/12/2018 12:50:54 PM | * WEFiles/Image-- -- --Folder create
3/12/2018 12:50:54 PM | * WEFiles/Font-- -- --Folder create
3/12/2018 12:50:54 PM | * WEFiles/EG-- -- --Folder create
3/12/2018 12:50:54 PM | * WEFiles/Css-- -- --Folder create
3/12/2018 12:50:54 PM | * WEFiles/Css/v02-- -- --Folder create
3/12/2018 12:50:54 PM | * WEFiles/Css/v01-- -- --Folder create
3/12/2018 12:50:54 PM | * WEFiles/Client-- -- --Folder create
3/12/2018 12:50:54 PM | * WEFiles/Client/jQuery-- -- --Folder create
3/12/2018 12:50:54 PM | * WEFiles/Client/jQuery/Plugins-- -- --Folder create
3/12/2018 12:50:54 PM | * WEFiles/Client/Common-- -- --Folder create
3/12/2018 12:50:54 PM | * Templates-- -- --Folder create
3/12/2018 12:50:54 PM | * Files-- -- --Folder create
3/12/2018 12:50:54 PM | * Files/Video-- -- --Folder create
3/12/2018 12:50:54 PM | * Files/Other-- -- --Folder create
3/12/2018 12:50:54 PM | * Files/Media-- -- --Folder create
3/12/2018 12:50:54 PM | * Files/Image-- -- --Folder create
3/12/2018 12:50:54 PM | * Files/Fonts-- -- --Folder create
3/12/2018 12:50:54 PM | * Files/Flash-- -- --Folder create
3/12/2018 12:50:54 PM | * Files/Audio-- -- --Folder create
3/12/2018 12:50:54 PM | * Data-- -- --Folder create
3/12/2018 12:50:54 PM | * Backup-- -- --Folder create
3/12/2018 12:50:54 PM | * Common-- -- --Folder create
3/12/2018 12:50:54 PM | * WEFiles/Image/Skin-- -- --Folder create
3/12/2018 12:50:54 PM | * WEFiles/Image/WEImage-- -- --Folder create
3/12/2018 12:50:54 PM | * Files\Other-- -- --Folder create
3/12/2018 12:50:54 PM | * Files\Fonts-- -- --Folder create
3/12/2018 12:50:54 PM | * Backup/.htaccess-- -- --33
3/12/2018 12:50:54 PM | * Data/.htaccess-- -- --13
3/12/2018 12:50:54 PM | * WEFiles/Client/Common/oe.min.js-- -- --16317
3/12/2018 12:50:54 PM | * WEFiles/Client/jQuery/Plugins/jquery.form.js-- -- --11659
3/12/2018 12:50:54 PM | * WEFiles/Client/jQuery/Plugins/jquery.ui.core.js-- -- --19590
3/12/2018 12:50:54 PM | * WEFiles/Client/jQuery/Plugins/jquery.ui.effects.js-- -- --25199
3/12/2018 12:50:54 PM | * WEFiles/Client/jQuery/1.10.2.js-- -- --93107
3/12/2018 12:50:54 PM | * WEFiles/Client/jQuery/migrate.js-- -- --7202
3/12/2018 12:50:54 PM | * WEFiles/Client/OEDB.js-- -- --1856
3/12/2018 12:50:54 PM | * WEFiles/Client/OEDBClasses.js-- -- --2280
3/12/2018 12:50:54 PM | * WEFiles/Client/opentip-jquery.min.js-- -- --44974
3/12/2018 12:50:54 PM | * WEFiles/Css/v01/openElement.css-- -- --5851
3/12/2018 12:50:54 PM | * WEFiles/Css/v02/openElement.css-- -- --6102
3/12/2018 12:50:54 PM | * WEFiles/Css/v02/openElement.int.css-- -- --6177
3/12/2018 12:50:54 PM | * WEFiles/Css/ie7.css-- -- --833
3/12/2018 12:50:54 PM | * WEFiles/Css/opentip.css-- -- --9211
3/12/2018 12:50:54 PM | * WEFiles/Image/Code.png-- -- --831
3/12/2018 12:50:54 PM | * WEFiles/Image/delete.png-- -- --1465
3/12/2018 12:50:54 PM | * WEFiles/Image/empty.png-- -- --184
3/12/2018 12:50:54 PM | * WEFiles/Image/information2.png-- -- --3246
3/12/2018 12:50:54 PM | * WEFiles/Image/loading.gif-- -- --1924
3/12/2018 12:50:54 PM | * WEFiles/Image/Loading2.gif-- -- --4941
3/12/2018 12:50:54 PM | * WEFiles/Image/mask.png-- -- --213
3/12/2018 12:50:54 PM | * WEFiles/Image/ModalBackgound.png-- -- --27145
3/12/2018 12:50:54 PM | * WEFiles/Image/ModalPopupBlock.png-- -- --268
3/12/2018 12:50:54 PM | * WEFiles/Image/ServerError.png-- -- --2602
3/12/2018 12:50:54 PM | * WEFiles/Image/warning.png-- -- --816
3/12/2018 12:50:54 PM | * WEFiles/Image/WEW3C.png-- -- --1882
3/12/2018 12:50:54 PM | * WEFiles/Server/class/class-phpmailer.php-- -- --65668
3/12/2018 12:50:54 PM | * WEFiles/Server/class/class-smtp.php-- -- --32456
3/12/2018 12:50:54 PM | * WEFiles/Server/DB/DBTools/OEDataContainers.php-- -- --57685
3/12/2018 12:50:54 PM | * WEFiles/Server/DB/DBTools/OEDBRequest.php-- -- --36412
3/12/2018 12:50:54 PM | * WEFiles/Server/DB/DBTools/OEDynUtils.php-- -- --15107
3/12/2018 12:50:54 PM | * WEFiles/Server/DB/.htaccess-- -- --13
3/12/2018 12:50:54 PM | * WEFiles/Server/DB/OEDB.php-- -- --28741
3/12/2018 12:50:54 PM | * WEFiles/Server/DB/OEDBClasses.php-- -- --84483
3/12/2018 12:50:54 PM | * WEFiles/Server/DB/sqllogin.php-- -- --1479
3/12/2018 12:50:54 PM | * WEFiles/Server/language/phpmailer.lang-en.php-- -- --1188
3/12/2018 12:50:54 PM | * WEFiles/Server/language/phpmailer.lang-fr.php-- -- --1297
3/12/2018 12:50:54 PM | * WEFiles/Server/openElement.php-- -- --13870
3/12/2018 12:50:54 PM | * WEFiles/Server/VarText.php-- -- --4496
3/12/2018 12:50:54 PM | * Files/Fonts/Fonts.css-- -- --1556
3/12/2018 12:50:54 PM | * .htaccess-- -- --0
3/12/2018 12:50:54 PM | * Histoire de Gamma.css-- -- --774
3/12/2018 12:50:54 PM | * WEFiles/Image/Skin/e1defe9e.png-- -- --554
3/12/2018 12:50:54 PM | * WEFiles/Image/Skin/f72ffa6d.png-- -- --348
3/12/2018 12:50:54 PM | * WEFiles/Image/Skin/0db815a6.png-- -- --348
3/12/2018 12:50:54 PM | * WEFiles/Image/Flag_DEFAULT.png-- -- --782
3/12/2018 12:50:54 PM | * WEFiles/Image/Flag_FR.png-- -- --771
3/12/2018 12:50:54 PM | * WEFiles/Image/Skin/23baf6c8.png-- -- --520
3/12/2018 12:50:54 PM | * WEFiles/Image/Skin/962e1fc1.png-- -- --477
3/12/2018 12:50:54 PM | * WEFiles/Image/Skin/f4da6582.png-- -- --229
3/12/2018 12:50:54 PM | * WEFiles/Image/Skin/00bff3bd.png-- -- --223
3/12/2018 12:50:54 PM | * WEFiles/Image/Skin/c92e726e.png-- -- --230
3/12/2018 12:50:54 PM | * WEFiles/Image/Skin/1ccc25ab.png-- -- --266
3/12/2018 12:50:54 PM | * WEFiles/Image/Skin/dc555665.png-- -- --1363
3/12/2018 12:50:54 PM | * WEFiles/Image/Skin/ebc9774e.png-- -- --1600
3/12/2018 12:50:54 PM | * Histoire de Gamma.htm-- -- --28174
3/12/2018 12:50:54 PM | * index(var).js-- -- --797
3/12/2018 12:50:54 PM | * index(var).php-- -- --1188
3/12/2018 12:50:54 PM | * index.css-- -- --644
3/12/2018 12:50:54 PM | * WEFiles/Server/WESendMail-v210.php-- -- --12362
3/12/2018 12:50:54 PM | * WEFiles/Client/WESendMail-v210.js-- -- --3670
3/12/2018 12:50:54 PM | * index.htm-- -- --26334
3/12/2018 12:50:54 PM | * robots.txt-- -- --19
3/12/2018 12:50:54 PM | * SAMPLE(var).php-- -- --314
3/12/2018 12:50:54 PM | * SAMPLE.css-- -- --17300
3/12/2018 12:50:54 PM | * Files/Image/Slide1-trait-separation.png-- -- --268
3/12/2018 12:50:54 PM | * Files/Image/icone-demo.png-- -- --16324
3/12/2018 12:50:54 PM | * WEFiles/Image/Skin/f43c7602.png-- -- --90
3/12/2018 12:50:54 PM | * WEFiles/Image/Skin/fd65299b.jpg-- -- --9952
3/12/2018 12:50:54 PM | * WEFiles/Image/Skin/d948ce83.png-- -- --90
3/12/2018 12:50:54 PM | * WEFiles/Image/Skin/88cbd4d4.png-- -- --90
3/12/2018 12:50:54 PM | * WEFiles/Image/Skin/ac543dc2.png-- -- --90
3/12/2018 12:50:54 PM | * WEFiles/Image/Skin/deb8b244.png-- -- --90
3/12/2018 12:50:54 PM | * WEFiles/Image/Skin/2a3f2740.png-- -- --930
3/12/2018 12:50:54 PM | * WEFiles/Image/Skin/4d302d5a.png-- -- --1164
3/12/2018 12:50:54 PM | * WEFiles/Image/Skin/1ea4693c.png-- -- --1325
3/12/2018 12:50:54 PM | * WEFiles/Image/Skin/89ed3aad.png-- -- --1040
3/12/2018 12:50:54 PM | * WEFiles/Image/Skin/ab4ef622.jpg-- -- --9952
3/12/2018 12:50:54 PM | * WEFiles/Image/Skin/23fa532d.jpg-- -- --9952
3/12/2018 12:50:54 PM | * WEFiles/Image/Skin/1a2d3739.png-- -- --90
3/12/2018 12:50:54 PM | * WEFiles/Image/Skin/5e7a93a0.png-- -- --2093
3/12/2018 12:50:54 PM | * WEFiles/Image/Skin/27ffe030.png-- -- --1652
3/12/2018 12:50:54 PM | * WEFiles/Image/Skin/d20caab5.png-- -- --1564
3/12/2018 12:50:54 PM | * WEFiles/Image/Skin/a2d6e7ec.png-- -- --1978
3/12/2018 12:50:54 PM | * WEFiles/Image/Skin/a4748c8c.png-- -- --90
3/12/2018 12:50:54 PM | * WEFiles/Image/Skin/26c70838.png-- -- --193
3/12/2018 12:50:54 PM | * WEFiles/Image/Skin/58294202.png-- -- --825
3/12/2018 12:50:54 PM | * WEFiles/Image/Skin/cbb1ae94.png-- -- --193
3/12/2018 12:50:54 PM | * WEFiles/Image/Skin/966687aa.png-- -- --825
3/12/2018 12:50:54 PM | * SAMPLE.htm-- -- --53817
3/12/2018 12:50:54 PM | * sitemap.xml-- -- --660
3/12/2018 12:50:54 PM | * Files/Fonts/Domestic Manners.eot-- -- --61388
3/12/2018 12:50:54 PM | * Files/Fonts/Domestic Manners.ttf-- -- --61128
3/12/2018 12:50:54 PM | * Files/Fonts/Domestic Manners.woff-- -- --34672
3/12/2018 12:50:54 PM | * Files/Fonts/Fonts.css-- -- --1556
3/12/2018 12:50:54 PM | * Files/Fonts/GeosansLight.eot-- -- --60242
3/12/2018 12:50:54 PM | * Files/Fonts/GeosansLight.ttf-- -- --60072
3/12/2018 12:50:54 PM | * Files/Fonts/GeosansLight.woff-- -- --32304
3/12/2018 12:50:54 PM | * Files/Fonts/Open Sans Light.eot-- -- --42150
3/12/2018 12:50:54 PM | * Files/Fonts/Open Sans Light.ttf-- -- --41936
3/12/2018 12:50:54 PM | * Files/Fonts/Open Sans Light.woff-- -- --22868
3/12/2018 12:50:54 PM | * Files/Fonts/Open Sans.eot-- -- --42790
3/12/2018 12:50:54 PM | * Files/Fonts/Open Sans.ttf-- -- --42600
3/12/2018 12:50:54 PM | * Files/Fonts/Open Sans.woff-- -- --23520
3/12/2018 12:50:54 PM | * Templates/Base_MenuRetractable.css-- -- --6809
3/12/2018 12:50:54 PM | * Templates/Base_Scripts.css-- -- --943
3/12/2018 12:50:55 PM | 
3/12/2018 12:50:55 PM | 
--------------------------------Phase 1 Terminé--------------------------------
3/12/2018 12:50:55 PM | 

3/26/2018 5:13:02 PM | Debut Mise en ligne complete (Site):
3/26/2018 5:13:06 PM | Listing terminé :
3/26/2018 5:13:06 PM | 

3/26/2018 5:13:06 PM | * Files/Fonts-- -- --Folder create
3/26/2018 5:13:06 PM | * WEFiles-- -- --Folder create
3/26/2018 5:13:06 PM | * WEFiles/Xml-- -- --Folder create
3/26/2018 5:13:06 PM | * WEFiles/Server-- -- --Folder create
3/26/2018 5:13:06 PM | * WEFiles/Server/language-- -- --Folder create
3/26/2018 5:13:06 PM | * WEFiles/Server/DB-- -- --Folder create
3/26/2018 5:13:06 PM | * WEFiles/Server/DB/DBTools-- -- --Folder create
3/26/2018 5:13:06 PM | * WEFiles/Server/class-- -- --Folder create
3/26/2018 5:13:06 PM | * WEFiles/Other-- -- --Folder create
3/26/2018 5:13:06 PM | * WEFiles/Image-- -- --Folder create
3/26/2018 5:13:06 PM | * WEFiles/Font-- -- --Folder create
3/26/2018 5:13:06 PM | * WEFiles/EG-- -- --Folder create
3/26/2018 5:13:06 PM | * WEFiles/Css-- -- --Folder create
3/26/2018 5:13:06 PM | * WEFiles/Css/v02-- -- --Folder create
3/26/2018 5:13:06 PM | * WEFiles/Css/v01-- -- --Folder create
3/26/2018 5:13:06 PM | * WEFiles/Client-- -- --Folder create
3/26/2018 5:13:06 PM | * WEFiles/Client/jQuery-- -- --Folder create
3/26/2018 5:13:06 PM | * WEFiles/Client/jQuery/Plugins-- -- --Folder create
3/26/2018 5:13:06 PM | * WEFiles/Client/Common-- -- --Folder create
3/26/2018 5:13:06 PM | * Templates-- -- --Folder create
3/26/2018 5:13:06 PM | * Files-- -- --Folder create
3/26/2018 5:13:06 PM | * Files/Video-- -- --Folder create
3/26/2018 5:13:06 PM | * Files/Other-- -- --Folder create
3/26/2018 5:13:06 PM | * Files/Media-- -- --Folder create
3/26/2018 5:13:06 PM | * Files/Image-- -- --Folder create
3/26/2018 5:13:06 PM | * Files/Fonts-- -- --Folder create
3/26/2018 5:13:06 PM | * Files/Flash-- -- --Folder create
3/26/2018 5:13:06 PM | * Files/Audio-- -- --Folder create
3/26/2018 5:13:06 PM | * Data-- -- --Folder create
3/26/2018 5:13:06 PM | * Backup-- -- --Folder create
3/26/2018 5:13:06 PM | * Common-- -- --Folder create
3/26/2018 5:13:06 PM | * WEFiles/Image/Skin-- -- --Folder create
3/26/2018 5:13:06 PM | * WEFiles/Image/WEImage-- -- --Folder create
3/26/2018 5:13:06 PM | * Files\Other-- -- --Folder create
3/26/2018 5:13:06 PM | * Files\Fonts-- -- --Folder create
3/26/2018 5:13:06 PM | * Backup/.htaccess-- -- --33
3/26/2018 5:13:06 PM | * Data/.htaccess-- -- --13
3/26/2018 5:13:06 PM | * WEFiles/Client/Common/oe.min.js-- -- --16317
3/26/2018 5:13:06 PM | * WEFiles/Client/jQuery/Plugins/jquery.form.js-- -- --11659
3/26/2018 5:13:06 PM | * WEFiles/Client/jQuery/Plugins/jquery.ui.core.js-- -- --19590
3/26/2018 5:13:06 PM | * WEFiles/Client/jQuery/Plugins/jquery.ui.effects.js-- -- --25199
3/26/2018 5:13:06 PM | * WEFiles/Client/jQuery/1.10.2.js-- -- --93107
3/26/2018 5:13:06 PM | * WEFiles/Client/jQuery/migrate.js-- -- --7202
3/26/2018 5:13:06 PM | * WEFiles/Client/OEDB.js-- -- --1856
3/26/2018 5:13:06 PM | * WEFiles/Client/OEDBClasses.js-- -- --2280
3/26/2018 5:13:06 PM | * WEFiles/Client/opentip-jquery.min.js-- -- --44974
3/26/2018 5:13:06 PM | * WEFiles/Css/v01/openElement.css-- -- --5851
3/26/2018 5:13:06 PM | * WEFiles/Css/v02/openElement.css-- -- --6102
3/26/2018 5:13:06 PM | * WEFiles/Css/v02/openElement.int.css-- -- --6177
3/26/2018 5:13:06 PM | * WEFiles/Css/ie7.css-- -- --833
3/26/2018 5:13:06 PM | * WEFiles/Css/opentip.css-- -- --9211
3/26/2018 5:13:06 PM | * WEFiles/Image/Code.png-- -- --831
3/26/2018 5:13:06 PM | * WEFiles/Image/delete.png-- -- --1465
3/26/2018 5:13:06 PM | * WEFiles/Image/empty.png-- -- --184
3/26/2018 5:13:06 PM | * WEFiles/Image/information2.png-- -- --3246
3/26/2018 5:13:06 PM | * WEFiles/Image/loading.gif-- -- --1924
3/26/2018 5:13:06 PM | * WEFiles/Image/Loading2.gif-- -- --4941
3/26/2018 5:13:06 PM | * WEFiles/Image/mask.png-- -- --213
3/26/2018 5:13:06 PM | * WEFiles/Image/ModalBackgound.png-- -- --27145
3/26/2018 5:13:06 PM | * WEFiles/Image/ModalPopupBlock.png-- -- --268
3/26/2018 5:13:06 PM | * WEFiles/Image/ServerError.png-- -- --2602
3/26/2018 5:13:06 PM | * WEFiles/Image/warning.png-- -- --816
3/26/2018 5:13:06 PM | * WEFiles/Image/WEW3C.png-- -- --1882
3/26/2018 5:13:06 PM | * WEFiles/Server/class/class-phpmailer.php-- -- --65668
3/26/2018 5:13:06 PM | * WEFiles/Server/class/class-smtp.php-- -- --32456
3/26/2018 5:13:06 PM | * WEFiles/Server/DB/DBTools/OEDataContainers.php-- -- --57685
3/26/2018 5:13:06 PM | * WEFiles/Server/DB/DBTools/OEDBRequest.php-- -- --36412
3/26/2018 5:13:06 PM | * WEFiles/Server/DB/DBTools/OEDynUtils.php-- -- --15107
3/26/2018 5:13:06 PM | * WEFiles/Server/DB/.htaccess-- -- --13
3/26/2018 5:13:06 PM | * WEFiles/Server/DB/OEDB.php-- -- --28741
3/26/2018 5:13:06 PM | * WEFiles/Server/DB/OEDBClasses.php-- -- --84483
3/26/2018 5:13:06 PM | * WEFiles/Server/DB/sqllogin.php-- -- --1479
3/26/2018 5:13:06 PM | * WEFiles/Server/language/phpmailer.lang-en.php-- -- --1188
3/26/2018 5:13:06 PM | * WEFiles/Server/language/phpmailer.lang-fr.php-- -- --1297
3/26/2018 5:13:06 PM | * WEFiles/Server/openElement.php-- -- --13870
3/26/2018 5:13:06 PM | * WEFiles/Server/VarText.php-- -- --4496
3/26/2018 5:13:06 PM | * .htaccess-- -- --0
3/26/2018 5:13:06 PM | * Histoire de Gamma.css-- -- --774
3/26/2018 5:13:06 PM | * WEFiles/Image/Skin/e1defe9e.png-- -- --554
3/26/2018 5:13:06 PM | * WEFiles/Image/Skin/f72ffa6d.png-- -- --348
3/26/2018 5:13:06 PM | * WEFiles/Image/Skin/0db815a6.png-- -- --348
3/26/2018 5:13:06 PM | * WEFiles/Image/Flag_DEFAULT.png-- -- --782
3/26/2018 5:13:06 PM | * WEFiles/Image/Flag_FR.png-- -- --771
3/26/2018 5:13:06 PM | * WEFiles/Image/Skin/23baf6c8.png-- -- --520
3/26/2018 5:13:06 PM | * WEFiles/Image/Skin/962e1fc1.png-- -- --477
3/26/2018 5:13:06 PM | * WEFiles/Image/Skin/f4da6582.png-- -- --229
3/26/2018 5:13:06 PM | * WEFiles/Image/Skin/00bff3bd.png-- -- --223
3/26/2018 5:13:06 PM | * WEFiles/Image/Skin/c92e726e.png-- -- --230
3/26/2018 5:13:06 PM | * WEFiles/Image/Skin/1ccc25ab.png-- -- --266
3/26/2018 5:13:06 PM | * WEFiles/Image/Skin/dc555665.png-- -- --1363
3/26/2018 5:13:06 PM | * WEFiles/Image/Skin/ebc9774e.png-- -- --1600
3/26/2018 5:13:06 PM | * Histoire de Gamma.htm-- -- --28189
3/26/2018 5:13:06 PM | * index(var).js-- -- --797
3/26/2018 5:13:06 PM | * index(var).php-- -- --1188
3/26/2018 5:13:06 PM | * index.css-- -- --644
3/26/2018 5:13:06 PM | * WEFiles/Server/WESendMail-v210.php-- -- --12362
3/26/2018 5:13:06 PM | * WEFiles/Client/WESendMail-v210.js-- -- --3670
3/26/2018 5:13:06 PM | * index.htm-- -- --26349
3/26/2018 5:13:06 PM | * robots.txt-- -- --19
3/26/2018 5:13:06 PM | * SAMPLE(var).php-- -- --314
3/26/2018 5:13:06 PM | * SAMPLE.css-- -- --17300
3/26/2018 5:13:06 PM | * Files/Image/Slide1-trait-separation.png-- -- --268
3/26/2018 5:13:06 PM | * Files/Image/icone-demo.png-- -- --16324
3/26/2018 5:13:06 PM | * WEFiles/Image/Skin/f43c7602.png-- -- --90
3/26/2018 5:13:06 PM | * WEFiles/Image/Skin/fd65299b.jpg-- -- --9952
3/26/2018 5:13:06 PM | * WEFiles/Image/Skin/d948ce83.png-- -- --90
3/26/2018 5:13:06 PM | * WEFiles/Image/Skin/88cbd4d4.png-- -- --90
3/26/2018 5:13:06 PM | * WEFiles/Image/Skin/ac543dc2.png-- -- --90
3/26/2018 5:13:06 PM | * WEFiles/Image/Skin/deb8b244.png-- -- --90
3/26/2018 5:13:06 PM | * WEFiles/Image/Skin/2a3f2740.png-- -- --930
3/26/2018 5:13:06 PM | * WEFiles/Image/Skin/4d302d5a.png-- -- --1164
3/26/2018 5:13:06 PM | * WEFiles/Image/Skin/1ea4693c.png-- -- --1325
3/26/2018 5:13:06 PM | * WEFiles/Image/Skin/89ed3aad.png-- -- --1040
3/26/2018 5:13:06 PM | * WEFiles/Image/Skin/ab4ef622.jpg-- -- --9952
3/26/2018 5:13:06 PM | * WEFiles/Image/Skin/23fa532d.jpg-- -- --9952
3/26/2018 5:13:06 PM | * WEFiles/Image/Skin/1a2d3739.png-- -- --90
3/26/2018 5:13:06 PM | * WEFiles/Image/Skin/5e7a93a0.png-- -- --2093
3/26/2018 5:13:06 PM | * WEFiles/Image/Skin/27ffe030.png-- -- --1652
3/26/2018 5:13:06 PM | * WEFiles/Image/Skin/d20caab5.png-- -- --1564
3/26/2018 5:13:06 PM | * WEFiles/Image/Skin/a2d6e7ec.png-- -- --1978
3/26/2018 5:13:06 PM | * WEFiles/Image/Skin/a4748c8c.png-- -- --90
3/26/2018 5:13:06 PM | * WEFiles/Image/Skin/26c70838.png-- -- --193
3/26/2018 5:13:06 PM | * WEFiles/Image/Skin/58294202.png-- -- --825
3/26/2018 5:13:06 PM | * WEFiles/Image/Skin/cbb1ae94.png-- -- --193
3/26/2018 5:13:06 PM | * WEFiles/Image/Skin/966687aa.png-- -- --825
3/26/2018 5:13:06 PM | * SAMPLE.htm-- -- --53817
3/26/2018 5:13:06 PM | * sitemap.xml-- -- --660
3/26/2018 5:13:06 PM | * Files/Fonts/Domestic Manners.eot-- -- --61388
3/26/2018 5:13:06 PM | * Files/Fonts/Domestic Manners.ttf-- -- --61128
3/26/2018 5:13:06 PM | * Files/Fonts/Domestic Manners.woff-- -- --34672
3/26/2018 5:13:06 PM | * Files/Fonts/Fonts.css-- -- --1556
3/26/2018 5:13:06 PM | * Files/Fonts/GeosansLight.eot-- -- --60242
3/26/2018 5:13:06 PM | * Files/Fonts/GeosansLight.ttf-- -- --60072
3/26/2018 5:13:06 PM | * Files/Fonts/GeosansLight.woff-- -- --32304
3/26/2018 5:13:06 PM | * Files/Fonts/Open Sans Light.eot-- -- --42150
3/26/2018 5:13:06 PM | * Files/Fonts/Open Sans Light.ttf-- -- --41936
3/26/2018 5:13:06 PM | * Files/Fonts/Open Sans Light.woff-- -- --22868
3/26/2018 5:13:06 PM | * Files/Fonts/Open Sans.eot-- -- --42790
3/26/2018 5:13:06 PM | * Files/Fonts/Open Sans.ttf-- -- --42600
3/26/2018 5:13:06 PM | * Files/Fonts/Open Sans.woff-- -- --23520
3/26/2018 5:13:06 PM | * Templates/Base_MenuRetractable.css-- -- --6809
3/26/2018 5:13:06 PM | * Templates/Base_Scripts.css-- -- --943
3/26/2018 5:13:06 PM | 
3/26/2018 5:13:06 PM | 
--------------------------------Phase 1 Terminé--------------------------------
3/26/2018 5:13:06 PM | 

